0 info it worked if it ends with ok
1 verbose cli [ 'node',
1 verbose cli   '/Users/garrettmaring/.npm-packages/bin/npm',
1 verbose cli   'install',
1 verbose cli   '-g',
1 verbose cli   'git+https://github.com/hackreactor/liberator.git' ]
2 info using npm@2.13.4
3 info using node@v0.12.7
4 verbose install initial load of /Users/garrettmaring/.npm-packages/lib/package.json
5 verbose readDependencies loading dependencies from /Users/garrettmaring/.npm-packages/lib/package.json
6 silly cache add args [ 'git+https://github.com/hackreactor/liberator.git', null ]
7 verbose cache add spec git+https://github.com/hackreactor/liberator.git
8 silly cache add parsed spec { raw: 'git+https://github.com/hackreactor/liberator.git',
8 silly cache add   scope: null,
8 silly cache add   name: null,
8 silly cache add   rawSpec: 'git+https://github.com/hackreactor/liberator.git',
8 silly cache add   spec: 'git+https://github.com/hackreactor/liberator.git',
8 silly cache add   type: 'hosted',
8 silly cache add   hosted:
8 silly cache add    { type: 'github',
8 silly cache add      ssh: 'git@github.com:hackreactor/liberator.git',
8 silly cache add      sshUrl: 'git+ssh://git@github.com/hackreactor/liberator.git',
8 silly cache add      httpsUrl: 'git+https://github.com/hackreactor/liberator.git',
8 silly cache add      gitUrl: 'git://github.com/hackreactor/liberator.git',
8 silly cache add      shortcut: 'github:hackreactor/liberator',
8 silly cache add      directUrl: 'https://raw.githubusercontent.com/hackreactor/liberator/master/package.json' } }
9 verbose addRemoteGit caching git+https://github.com/hackreactor/liberator.git
10 verbose addRemoteGit git+https://github.com/hackreactor/liberator.git is a repository hosted by github
11 silly tryClone cloning git+https://github.com/hackreactor/liberator.git via git+https://github.com/hackreactor/liberator.git
12 verbose tryClone https-github-com-hackreactor-liberator-git-4af4f828 not in flight; caching
13 info git [ 'clone',
13 info git   '--template=/Users/garrettmaring/.npm/_git-remotes/_templates',
13 info git   '--mirror',
13 info git   'https://github.com/hackreactor/liberator.git',
13 info git   '/Users/garrettmaring/.npm/_git-remotes/https-github-com-hackreactor-liberator-git-4af4f828' ]
14 error git clone --template=/Users/garrettmaring/.npm/_git-remotes/_templates --mirror https://github.com/hackreactor/liberator.git /Users/garrettmaring/.npm/_git-remotes/https-github-com-hackreactor-liberator-git-4af4f828: Cloning into bare repository '/Users/garrettmaring/.npm/_git-remotes/https-github-com-hackreactor-liberator-git-4af4f828'...
14 error git clone --template=/Users/garrettmaring/.npm/_git-remotes/_templates --mirror https://github.com/hackreactor/liberator.git /Users/garrettmaring/.npm/_git-remotes/https-github-com-hackreactor-liberator-git-4af4f828: remote: Invalid username or password.
14 error git clone --template=/Users/garrettmaring/.npm/_git-remotes/_templates --mirror https://github.com/hackreactor/liberator.git /Users/garrettmaring/.npm/_git-remotes/https-github-com-hackreactor-liberator-git-4af4f828: fatal: Authentication failed for 'https://github.com/hackreactor/liberator.git/'
15 verbose stack Error: Command failed: git clone --template=/Users/garrettmaring/.npm/_git-remotes/_templates --mirror https://github.com/hackreactor/liberator.git /Users/garrettmaring/.npm/_git-remotes/https-github-com-hackreactor-liberator-git-4af4f828
15 verbose stack Cloning into bare repository '/Users/garrettmaring/.npm/_git-remotes/https-github-com-hackreactor-liberator-git-4af4f828'...
15 verbose stack remote: Invalid username or password.
15 verbose stack fatal: Authentication failed for 'https://github.com/hackreactor/liberator.git/'
15 verbose stack
15 verbose stack     at ChildProcess.exithandler (child_process.js:751:12)
15 verbose stack     at ChildProcess.emit (events.js:110:17)
15 verbose stack     at maybeClose (child_process.js:1015:16)
15 verbose stack     at Socket.<anonymous> (child_process.js:1183:11)
15 verbose stack     at Socket.emit (events.js:107:17)
15 verbose stack     at Pipe.close (net.js:485:12)
16 verbose cwd /Users/garrettmaring/Desktop/warpengine32
17 error Darwin 14.4.0
18 error argv "node" "/Users/garrettmaring/.npm-packages/bin/npm" "install" "-g" "git+https://github.com/hackreactor/liberator.git"
19 error node v0.12.7
20 error npm  v2.13.4
21 error code 128
22 error Command failed: git clone --template=/Users/garrettmaring/.npm/_git-remotes/_templates --mirror https://github.com/hackreactor/liberator.git /Users/garrettmaring/.npm/_git-remotes/https-github-com-hackreactor-liberator-git-4af4f828
22 error Cloning into bare repository '/Users/garrettmaring/.npm/_git-remotes/https-github-com-hackreactor-liberator-git-4af4f828'...
22 error remote: Invalid username or password.
22 error fatal: Authentication failed for 'https://github.com/hackreactor/liberator.git/'
23 error If you need help, you may report this error at:
23 error     <https://github.com/npm/npm/issues>
24 verbose exit [ 1, true ]
